#! /d/a/fpga-toolchain-build/fpga-toolchain-build/iverilog/_install/bin/vvp
:ivl_version "11.0 (stable)" "(d3b0992)";
:ivl_delay_selection "TYPICAL";
:vpi_time_precision + 0;
:vpi_module "C:\PROGRA~3\CHOCOL~1\lib\iverilog\tools\lib\ivl\system.vpi";
:vpi_module "C:\PROGRA~3\CHOCOL~1\lib\iverilog\tools\lib\ivl\vhdl_sys.vpi";
:vpi_module "C:\PROGRA~3\CHOCOL~1\lib\iverilog\tools\lib\ivl\vhdl_textio.vpi";
:vpi_module "C:\PROGRA~3\CHOCOL~1\lib\iverilog\tools\lib\ivl\v2005_math.vpi";
:vpi_module "C:\PROGRA~3\CHOCOL~1\lib\iverilog\tools\lib\ivl\va_math.vpi";
:vpi_module "C:\PROGRA~3\CHOCOL~1\lib\iverilog\tools\lib\ivl\v2009.vpi";
S_00000197e598f880 .scope package, "$unit" "$unit" 2 1;
 .timescale 0 0;
enum00000197e5998510 .enum4 (3)
   "MUL" 3'b000,
   "DIV" 3'b001,
   "ADD" 3'b010,
   "SUB" 3'b011,
   "GTE" 3'b100,
   "LT" 3'b101,
   "NOT" 3'b110
 ;
enum00000197e59985c0 .enum4 (2)
   "SHUTDOWN" 2'b00,
   "LP" 2'b01,
   "NORMAL" 2'b10
 ;
S_00000197e598fa10 .scope module, "CU" "CU" 3 5;
 .timescale 0 0;
    .port_info 0 /INPUT 1 "clk";
    .port_info 1 /INPUT 1 "rst";
    .port_info 2 /INPUT 16 "op1";
    .port_info 3 /INPUT 16 "op2";
    .port_info 4 /INPUT 3 "op";
    .port_info 5 /INPUT 2 "pmode";
    .port_info 6 /OUTPUT 16 "result";
    .port_info 7 /OUTPUT 4 "fls";
v00000197e59fecc0_0 .net "alu_fls", 3 0, v00000197e59fc6d0_0;  1 drivers
v00000197e59fd8c0_0 .net "alu_res", 15 0, v00000197e59fc090_0;  1 drivers
o00000197e59a99c8 .functor BUFZ 1, C4<z>; HiZ drive
v00000197e59fea40_0 .net "clk", 0 0, o00000197e59a99c8;  0 drivers
v00000197e59fd640_0 .net "div_clk", 0 0, L_00000197e5991ac0;  1 drivers
v00000197e59fe5e0_0 .var "fls", 3 0;
v00000197e59fd780_0 .var "is_alu", 0 0;
v00000197e59fe0e0_0 .var "is_div", 0 0;
v00000197e59fddc0_0 .var "is_mul", 0 0;
v00000197e59fd280_0 .net "mul_bsy", 0 0, v00000197e59fc450_0;  1 drivers
v00000197e59fe180_0 .net "mul_clk", 0 0, L_00000197e59916d0;  1 drivers
v00000197e59fe860_0 .net "mul_done", 0 0, v00000197e59fc4f0_0;  1 drivers
v00000197e59fd500_0 .net "mul_result", 15 0, L_00000197e59fe680;  1 drivers
v00000197e59fe360_0 .var "mul_start", 0 0;
o00000197e59a97b8 .functor BUFZ 3, C4<zzz>; HiZ drive
v00000197e59fe220_0 .net "op", 2 0, o00000197e59a97b8;  0 drivers
o00000197e59a9ea8 .functor BUFZ 16, C4<zzzzzzzzzzzzzzzz>; HiZ drive
v00000197e59fd820_0 .net "op1", 15 0, o00000197e59a9ea8;  0 drivers
o00000197e59a9f68 .functor BUFZ 16, C4<zzzzzzzzzzzzzzzz>; HiZ drive
v00000197e59fe720_0 .net "op2", 15 0, o00000197e59a9f68;  0 drivers
o00000197e59a9a58 .functor BUFZ 2, C4<zz>; HiZ drive
v00000197e59fe400_0 .net "pmode", 1 0, o00000197e59a9a58;  0 drivers
v00000197e59fd960_0 .var "result", 15 0;
v00000197e59fda00_0 .net "rop1", 15 0, v00000197e59fd6e0_0;  1 drivers
v00000197e59fdaa0_0 .net "rop2", 15 0, v00000197e59fd000_0;  1 drivers
o00000197e59a9a88 .functor BUFZ 1, C4<z>; HiZ drive
v00000197e59feae0_0 .net "rst", 0 0, o00000197e59a9a88;  0 drivers
v00000197e59fdb40_0 .net "sysclk", 0 0, v00000197e59fc810_0;  1 drivers
S_00000197e598be10 .scope module, "_andd" "and2" 3 25, 4 2 0, S_00000197e598fa10;
 .timescale 0 0;
    .port_info 0 /INPUT 1 "a";
    .port_info 1 /INPUT 1 "b";
    .port_info 2 /OUTPUT 1 "c";
L_00000197e5991ac0 .functor AND 1, v00000197e59fe0e0_0, v00000197e59fc810_0, C4<1>, C4<1>;
v00000197e59a1c40_0 .net "a", 0 0, v00000197e59fe0e0_0;  1 drivers
v00000197e597b520_0 .net "b", 0 0, v00000197e59fc810_0;  alias, 1 drivers
v00000197e598bfa0_0 .net "c", 0 0, L_00000197e5991ac0;  alias, 1 drivers
S_00000197e598c040 .scope module, "_andm" "and2" 3 24, 4 2 0, S_00000197e598fa10;
 .timescale 0 0;
    .port_info 0 /INPUT 1 "a";
    .port_info 1 /INPUT 1 "b";
    .port_info 2 /OUTPUT 1 "c";
L_00000197e59916d0 .functor AND 1, v00000197e59fddc0_0, v00000197e59fc810_0, C4<1>, C4<1>;
v00000197e598c1d0_0 .net "a", 0 0, v00000197e59fddc0_0;  1 drivers
v00000197e597b920_0 .net "b", 0 0, v00000197e59fc810_0;  alias, 1 drivers
v00000197e59fc630_0 .net "c", 0 0, L_00000197e59916d0;  alias, 1 drivers
S_00000197e5981810 .scope module, "alu1" "ALU" 3 34, 5 2 0, S_00000197e598fa10;
 .timescale 0 0;
    .port_info 0 /INPUT 1 "en";
    .port_info 1 /INPUT 16 "op1";
    .port_info 2 /INPUT 16 "op2";
    .port_info 3 /INPUT 3 "op";
    .port_info 4 /OUTPUT 16 "result";
    .port_info 5 /OUTPUT 4 "fls";
v00000197e59fcc70_0 .net "en", 0 0, v00000197e59fd780_0;  1 drivers
v00000197e59fc6d0_0 .var "fls", 3 0;
v00000197e59fca90_0 .net "op", 2 0, o00000197e59a97b8;  alias, 0 drivers
v00000197e59fc3b0_0 .net "op1", 15 0, v00000197e59fd6e0_0;  alias, 1 drivers
v00000197e59fbeb0_0 .net "op2", 15 0, v00000197e59fd000_0;  alias, 1 drivers
v00000197e59fc090_0 .var "result", 15 0;
v00000197e59fc1d0_0 .var "temp", 16 0;
E_00000197e59a5a30/0 .event edge, v00000197e59fca90_0, v00000197e59fc3b0_0, v00000197e59fbeb0_0, v00000197e59fc1d0_0;
E_00000197e59a5a30/1 .event edge, v00000197e59fc1d0_0;
E_00000197e59a5a30 .event/or E_00000197e59a5a30/0, E_00000197e59a5a30/1;
S_00000197e59819a0 .scope module, "cg1" "ClockGater" 3 15, 6 2 0, S_00000197e598fa10;
 .timescale 0 0;
    .port_info 0 /INPUT 1 "rst";
    .port_info 1 /INPUT 2 "p";
    .port_info 2 /INPUT 1 "clk";
    .port_info 3 /OUTPUT 1 "oclk";
v00000197e59fcbd0_0 .net "clk", 0 0, o00000197e59a99c8;  alias, 0 drivers
v00000197e59fcb30_0 .var "cnt", 1 0;
v00000197e59fbff0_0 .var "divider", 2 0;
v00000197e59fc810_0 .var "oclk", 0 0;
v00000197e59fc590_0 .net "p", 1 0, o00000197e59a9a58;  alias, 0 drivers
v00000197e59fc130_0 .net "rst", 0 0, o00000197e59a9a88;  alias, 0 drivers
E_00000197e59a5f30 .event posedge, v00000197e59fcbd0_0, v00000197e59fc130_0;
E_00000197e59a54f0 .event edge, v00000197e59fc590_0;
S_00000197e5981b30 .scope module, "mul1" "sequential_multiplier_16bit" 3 41, 7 2 0, S_00000197e598fa10;
 .timescale 0 0;
    .port_info 0 /INPUT 1 "clk";
    .port_info 1 /INPUT 1 "rst";
    .port_info 2 /INPUT 1 "start";
    .port_info 3 /INPUT 16 "a";
    .port_info 4 /INPUT 16 "b";
    .port_info 5 /OUTPUT 16 "product";
    .port_info 6 /OUTPUT 1 "done";
    .port_info 7 /OUTPUT 1 "bsy";
enum00000197e58b8bd0 .enum4 (2)
   "IDLE" 2'b00,
   "CALCULATE" 2'b01,
   "FINISH" 2'b10
 ;
v00000197e59fc8b0_0 .net "a", 15 0, v00000197e59fd6e0_0;  alias, 1 drivers
v00000197e59fc9f0_0 .var "acc", 31 0;
v00000197e59fc950_0 .net "b", 15 0, v00000197e59fd000_0;  alias, 1 drivers
v00000197e59fc450_0 .var "bsy", 0 0;
v00000197e59fbf50_0 .net "clk", 0 0, L_00000197e59916d0;  alias, 1 drivers
v00000197e59fc270_0 .var "count", 4 0;
v00000197e59fc4f0_0 .var "done", 0 0;
v00000197e59fc310_0 .net "product", 15 0, L_00000197e59fe680;  alias, 1 drivers
v00000197e59fcd10_0 .net "rst", 0 0, o00000197e59a9a88;  alias, 0 drivers
v00000197e59fc770_0 .net "start", 0 0, v00000197e59fe360_0;  1 drivers
v00000197e59fcdb0_0 .var "state", 1 0;
v00000197e59fe9a0_0 .var "temp_a", 15 0;
v00000197e59fde60_0 .var "temp_b", 15 0;
E_00000197e59a61f0 .event posedge, v00000197e59fc130_0, v00000197e59fc630_0;
L_00000197e59fe680 .part v00000197e59fc9f0_0, 0, 16;
S_00000197e5976130 .scope module, "opreg1" "dflop" 3 29, 8 1 0, S_00000197e598fa10;
 .timescale 0 0;
    .port_info 0 /INPUT 16 "d";
    .port_info 1 /INPUT 1 "clk";
    .port_info 2 /OUTPUT 16 "q";
v00000197e59fed60_0 .net "clk", 0 0, v00000197e59fc810_0;  alias, 1 drivers
v00000197e59fd3c0_0 .net "d", 15 0, o00000197e59a9ea8;  alias, 0 drivers
v00000197e59fd6e0_0 .var "q", 15 0;
E_00000197e59a5570 .event posedge, v00000197e597b520_0;
S_00000197e59762c0 .scope module, "opreg2" "dflop" 3 30, 8 1 0, S_00000197e598fa10;
 .timescale 0 0;
    .port_info 0 /INPUT 16 "d";
    .port_info 1 /INPUT 1 "clk";
    .port_info 2 /OUTPUT 16 "q";
v00000197e59fdd20_0 .net "clk", 0 0, v00000197e59fc810_0;  alias, 1 drivers
v00000197e59fcf60_0 .net "d", 15 0, o00000197e59a9f68;  alias, 0 drivers
v00000197e59fd000_0 .var "q", 15 0;
    .scope S_00000197e59819a0;
T_0 ;
Ewait_0 .event/or E_00000197e59a54f0, E_0x0;
    %wait Ewait_0;
    %load/vec4 v00000197e59fc590_0;
    %dup/vec4;
    %pushi/vec4 0, 0, 2;
    %cmp/u;
    %jmp/1 T_0.0, 6;
    %dup/vec4;
    %pushi/vec4 1, 0, 2;
    %cmp/u;
    %jmp/1 T_0.1, 6;
    %dup/vec4;
    %pushi/vec4 2, 0, 2;
    %cmp/u;
    %jmp/1 T_0.2, 6;
    %pushi/vec4 0, 0, 3;
    %store/vec4 v00000197e59fbff0_0, 0, 3;
    %jmp T_0.4;
T_0.0 ;
    %pushi/vec4 5, 0, 3;
    %store/vec4 v00000197e59fbff0_0, 0, 3;
    %jmp T_0.4;
T_0.1 ;
    %pushi/vec4 1, 0, 3;
    %store/vec4 v00000197e59fbff0_0, 0, 3;
    %jmp T_0.4;
T_0.2 ;
    %pushi/vec4 0, 0, 3;
    %store/vec4 v00000197e59fbff0_0, 0, 3;
    %jmp T_0.4;
T_0.4 ;
    %pop/vec4 1;
    %jmp T_0;
    .thread T_0, $push;
    .scope S_00000197e59819a0;
T_1 ;
    %wait E_00000197e59a5f30;
    %load/vec4 v00000197e59fc130_0;
    %flag_set/vec4 8;
    %jmp/0xz  T_1.0, 8;
    %pushi/vec4 0, 0, 2;
    %assign/vec4 v00000197e59fcb30_0, 0;
    %pushi/vec4 0, 0, 1;
    %assign/vec4 v00000197e59fc810_0, 0;
    %jmp T_1.1;
T_1.0 ;
    %load/vec4 v00000197e59fcb30_0;
    %pad/u 3;
    %load/vec4 v00000197e59fbff0_0;
    %cmp/e;
    %jmp/0xz  T_1.2, 4;
    %load/vec4 v00000197e59fc810_0;
    %inv;
    %assign/vec4 v00000197e59fc810_0, 0;
    %pushi/vec4 0, 0, 2;
    %assign/vec4 v00000197e59fcb30_0, 0;
    %jmp T_1.3;
T_1.2 ;
    %load/vec4 v00000197e59fc590_0;
    %cmpi/e 0, 0, 2;
    %jmp/0xz  T_1.4, 4;
    %load/vec4 v00000197e59fcbd0_0;
    %assign/vec4 v00000197e59fc810_0, 0;
    %jmp T_1.5;
T_1.4 ;
    %load/vec4 v00000197e59fcb30_0;
    %addi 1, 0, 2;
    %assign/vec4 v00000197e59fcb30_0, 0;
T_1.5 ;
T_1.3 ;
T_1.1 ;
    %jmp T_1;
    .thread T_1;
    .scope S_00000197e5976130;
T_2 ;
    %wait E_00000197e59a5570;
    %load/vec4 v00000197e59fd3c0_0;
    %assign/vec4 v00000197e59fd6e0_0, 0;
    %jmp T_2;
    .thread T_2;
    .scope S_00000197e59762c0;
T_3 ;
    %wait E_00000197e59a5570;
    %load/vec4 v00000197e59fcf60_0;
    %assign/vec4 v00000197e59fd000_0, 0;
    %jmp T_3;
    .thread T_3;
    .scope S_00000197e5981810;
T_4 ;
Ewait_1 .event/or E_00000197e59a5a30, E_0x0;
    %wait Ewait_1;
    %load/vec4 v00000197e59fca90_0;
    %cmpi/e 2, 0, 3;
    %jmp/0xz  T_4.0, 4;
    %pushi/vec4 0, 0, 1;
    %load/vec4 v00000197e59fc3b0_0;
    %concat/vec4; draw_concat_vec4
    %pushi/vec4 0, 0, 1;
    %load/vec4 v00000197e59fbeb0_0;
    %concat/vec4; draw_concat_vec4
    %add;
    %store/vec4 v00000197e59fc1d0_0, 0, 17;
    %load/vec4 v00000197e59fc1d0_0;
    %parti/s 1, 16, 6;
    %ix/load 4, 3, 0;
    %flag_set/imm 4, 0;
    %store/vec4 v00000197e59fc6d0_0, 4, 1;
    %load/vec4 v00000197e59fc1d0_0;
    %parti/s 16, 0, 2;
    %store/vec4 v00000197e59fc090_0, 0, 16;
    %jmp T_4.1;
T_4.0 ;
    %load/vec4 v00000197e59fca90_0;
    %cmpi/e 3, 0, 3;
    %jmp/0xz  T_4.2, 4;
    %pushi/vec4 0, 0, 1;
    %load/vec4 v00000197e59fc3b0_0;
    %concat/vec4; draw_concat_vec4
    %pushi/vec4 0, 0, 1;
    %load/vec4 v00000197e59fbeb0_0;
    %concat/vec4; draw_concat_vec4
    %sub;
    %store/vec4 v00000197e59fc1d0_0, 0, 17;
    %load/vec4 v00000197e59fc1d0_0;
    %parti/s 1, 16, 6;
    %ix/load 4, 3, 0;
    %flag_set/imm 4, 0;
    %store/vec4 v00000197e59fc6d0_0, 4, 1;
    %load/vec4 v00000197e59fc1d0_0;
    %parti/s 16, 0, 2;
    %store/vec4 v00000197e59fc090_0, 0, 16;
    %jmp T_4.3;
T_4.2 ;
    %load/vec4 v00000197e59fca90_0;
    %cmpi/e 4, 0, 3;
    %jmp/0xz  T_4.4, 4;
    %pushi/vec4 0, 0, 1;
    %load/vec4 v00000197e59fc3b0_0;
    %concat/vec4; draw_concat_vec4
    %pushi/vec4 0, 0, 1;
    %load/vec4 v00000197e59fbeb0_0;
    %concat/vec4; draw_concat_vec4
    %sub;
    %store/vec4 v00000197e59fc1d0_0, 0, 17;
    %load/vec4 v00000197e59fc1d0_0;
    %parti/s 1, 16, 6;
    %ix/load 4, 3, 0;
    %flag_set/imm 4, 0;
    %store/vec4 v00000197e59fc6d0_0, 4, 1;
    %load/vec4 v00000197e59fc1d0_0;
    %parti/s 16, 0, 2;
    %store/vec4 v00000197e59fc090_0, 0, 16;
    %jmp T_4.5;
T_4.4 ;
    %load/vec4 v00000197e59fca90_0;
    %cmpi/e 5, 0, 3;
    %jmp/0xz  T_4.6, 4;
    %pushi/vec4 0, 0, 1;
    %load/vec4 v00000197e59fc3b0_0;
    %concat/vec4; draw_concat_vec4
    %pushi/vec4 0, 0, 1;
    %load/vec4 v00000197e59fbeb0_0;
    %concat/vec4; draw_concat_vec4
    %sub;
    %store/vec4 v00000197e59fc1d0_0, 0, 17;
    %load/vec4 v00000197e59fc1d0_0;
    %parti/s 1, 16, 6;
    %ix/load 4, 3, 0;
    %flag_set/imm 4, 0;
    %store/vec4 v00000197e59fc6d0_0, 4, 1;
    %load/vec4 v00000197e59fc1d0_0;
    %parti/s 16, 0, 2;
    %store/vec4 v00000197e59fc090_0, 0, 16;
    %jmp T_4.7;
T_4.6 ;
    %load/vec4 v00000197e59fca90_0;
    %cmpi/e 6, 0, 3;
    %jmp/0xz  T_4.8, 4;
    %load/vec4 v00000197e59fc3b0_0;
    %inv;
    %store/vec4 v00000197e59fc090_0, 0, 16;
    %jmp T_4.9;
T_4.8 ;
    %pushi/vec4 0, 0, 16;
    %store/vec4 v00000197e59fc090_0, 0, 16;
T_4.9 ;
T_4.7 ;
T_4.5 ;
T_4.3 ;
T_4.1 ;
    %jmp T_4;
    .thread T_4, $push;
    .scope S_00000197e5981b30;
T_5 ;
    %wait E_00000197e59a61f0;
    %load/vec4 v00000197e59fcd10_0;
    %flag_set/vec4 8;
    %jmp/0xz  T_5.0, 8;
    %pushi/vec4 0, 0, 2;
    %assign/vec4 v00000197e59fcdb0_0, 0;
    %pushi/vec4 0, 0, 32;
    %assign/vec4 v00000197e59fc9f0_0, 0;
    %pushi/vec4 0, 0, 5;
    %assign/vec4 v00000197e59fc270_0, 0;
    %pushi/vec4 0, 0, 1;
    %assign/vec4 v00000197e59fc4f0_0, 0;
    %pushi/vec4 0, 0, 1;
    %assign/vec4 v00000197e59fc450_0, 0;
    %jmp T_5.1;
T_5.0 ;
    %load/vec4 v00000197e59fcdb0_0;
    %dup/vec4;
    %pushi/vec4 0, 0, 2;
    %cmp/u;
    %jmp/1 T_5.2, 6;
    %dup/vec4;
    %pushi/vec4 1, 0, 2;
    %cmp/u;
    %jmp/1 T_5.3, 6;
    %dup/vec4;
    %pushi/vec4 2, 0, 2;
    %cmp/u;
    %jmp/1 T_5.4, 6;
    %jmp T_5.5;
T_5.2 ;
    %pushi/vec4 0, 0, 1;
    %assign/vec4 v00000197e59fc4f0_0, 0;
    %load/vec4 v00000197e59fc770_0;
    %flag_set/vec4 8;
    %jmp/0xz  T_5.6, 8;
    %load/vec4 v00000197e59fc8b0_0;
    %assign/vec4 v00000197e59fe9a0_0, 0;
    %load/vec4 v00000197e59fc950_0;
    %assign/vec4 v00000197e59fde60_0, 0;
    %pushi/vec4 0, 0, 32;
    %assign/vec4 v00000197e59fc9f0_0, 0;
    %pushi/vec4 0, 0, 5;
    %assign/vec4 v00000197e59fc270_0, 0;
    %pushi/vec4 1, 0, 2;
    %assign/vec4 v00000197e59fcdb0_0, 0;
    %pushi/vec4 1, 0, 1;
    %assign/vec4 v00000197e59fc450_0, 0;
T_5.6 ;
    %jmp T_5.5;
T_5.3 ;
    %load/vec4 v00000197e59fde60_0;
    %parti/s 1, 0, 2;
    %flag_set/vec4 8;
    %jmp/0xz  T_5.8, 8;
    %load/vec4 v00000197e59fc9f0_0;
    %pushi/vec4 0, 0, 16;
    %load/vec4 v00000197e59fe9a0_0;
    %concat/vec4; draw_concat_vec4
    %add;
    %assign/vec4 v00000197e59fc9f0_0, 0;
T_5.8 ;
    %load/vec4 v00000197e59fe9a0_0;
    %ix/load 4, 1, 0;
    %flag_set/imm 4, 0;
    %shiftl 4;
    %assign/vec4 v00000197e59fe9a0_0, 0;
    %load/vec4 v00000197e59fde60_0;
    %ix/load 4, 1, 0;
    %flag_set/imm 4, 0;
    %shiftr 4;
    %assign/vec4 v00000197e59fde60_0, 0;
    %load/vec4 v00000197e59fc270_0;
    %addi 1, 0, 5;
    %assign/vec4 v00000197e59fc270_0, 0;
    %load/vec4 v00000197e59fc270_0;
    %pad/u 32;
    %cmpi/e 15, 0, 32;
    %jmp/0xz  T_5.10, 4;
    %pushi/vec4 2, 0, 2;
    %assign/vec4 v00000197e59fcdb0_0, 0;
T_5.10 ;
    %jmp T_5.5;
T_5.4 ;
    %pushi/vec4 1, 0, 1;
    %assign/vec4 v00000197e59fc4f0_0, 0;
    %pushi/vec4 0, 0, 2;
    %assign/vec4 v00000197e59fcdb0_0, 0;
    %pushi/vec4 0, 0, 1;
    %assign/vec4 v00000197e59fc450_0, 0;
    %jmp T_5.5;
T_5.5 ;
    %pop/vec4 1;
T_5.1 ;
    %jmp T_5;
    .thread T_5;
    .scope S_00000197e598fa10;
T_6 ;
    %wait E_00000197e59a5f30;
    %load/vec4 v00000197e59feae0_0;
    %flag_set/vec4 8;
    %jmp/0xz  T_6.0, 8;
    %pushi/vec4 0, 0, 1;
    %assign/vec4 v00000197e59fd780_0, 0;
    %pushi/vec4 0, 0, 1;
    %assign/vec4 v00000197e59fddc0_0, 0;
    %pushi/vec4 0, 0, 1;
    %assign/vec4 v00000197e59fe0e0_0, 0;
    %jmp T_6.1;
T_6.0 ;
    %load/vec4 v00000197e59fe220_0;
    %dup/vec4;
    %pushi/vec4 0, 0, 3;
    %cmp/u;
    %jmp/1 T_6.2, 6;
    %dup/vec4;
    %pushi/vec4 1, 0, 3;
    %cmp/u;
    %jmp/1 T_6.3, 6;
    %dup/vec4;
    %pushi/vec4 2, 0, 3;
    %cmp/u;
    %jmp/1 T_6.4, 6;
    %dup/vec4;
    %pushi/vec4 3, 0, 3;
    %cmp/u;
    %jmp/1 T_6.5, 6;
    %dup/vec4;
    %pushi/vec4 4, 0, 3;
    %cmp/u;
    %jmp/1 T_6.6, 6;
    %dup/vec4;
    %pushi/vec4 5, 0, 3;
    %cmp/u;
    %jmp/1 T_6.7, 6;
    %dup/vec4;
    %pushi/vec4 6, 0, 3;
    %cmp/u;
    %jmp/1 T_6.8, 6;
    %pushi/vec4 0, 0, 1;
    %assign/vec4 v00000197e59fd780_0, 0;
    %pushi/vec4 0, 0, 1;
    %assign/vec4 v00000197e59fe0e0_0, 0;
    %pushi/vec4 0, 0, 1;
    %assign/vec4 v00000197e59fddc0_0, 0;
    %jmp T_6.10;
T_6.2 ;
    %pushi/vec4 1, 0, 1;
    %assign/vec4 v00000197e59fddc0_0, 0;
    %jmp T_6.10;
T_6.3 ;
    %pushi/vec4 1, 0, 1;
    %assign/vec4 v00000197e59fe0e0_0, 0;
    %jmp T_6.10;
T_6.4 ;
    %pushi/vec4 1, 0, 1;
    %assign/vec4 v00000197e59fd780_0, 0;
    %jmp T_6.10;
T_6.5 ;
    %pushi/vec4 1, 0, 1;
    %assign/vec4 v00000197e59fd780_0, 0;
    %jmp T_6.10;
T_6.6 ;
    %pushi/vec4 1, 0, 1;
    %assign/vec4 v00000197e59fd780_0, 0;
    %jmp T_6.10;
T_6.7 ;
    %pushi/vec4 1, 0, 1;
    %assign/vec4 v00000197e59fd780_0, 0;
    %jmp T_6.10;
T_6.8 ;
    %pushi/vec4 1, 0, 1;
    %assign/vec4 v00000197e59fd780_0, 0;
    %jmp T_6.10;
T_6.10 ;
    %pop/vec4 1;
T_6.1 ;
    %jmp T_6;
    .thread T_6;
# The file index is used to find the file name in the following table.
:file_names 9;
    "N/A";
    "<interactive>";
    "-";
    "CU.sv";
    "and2.sv";
    "ALU.sv";
    "ClockGater.sv";
    "sequential_multiplier_16bit.sv";
    "dflop.sv";
